Inicio do arquivo!
Nome: att48
Tipo: TSP
Comentário: 48 capitals of the US (Padberg/Rinaldi) 
Tipo do Vértice: ATT
Comentário do tipo de node: NODE_COORD_SECTION


Primeira população:

  0: x:   2233 y:     10
  1: x:   3177 y:    756
  2: x:   3082 y:   1644
  3: x:   3023 y:   1942
  4: x:   3484 y:   2829
  5: x:   3245 y:   3305
  6: x:   4483 y:   3369
  7: x:   5185 y:   3258
  8: x:   5468 y:   2606
  9: x:   5199 y:   2182
 10: x:   4612 y:   2035
 11: x:   4307 y:   2322
 12: x:   4706 y:   2674
 13: x:   5989 y:   2873
 14: x:   6347 y:   2683
 15: x:   6426 y:   3173
 16: x:   6807 y:   2993
 17: x:   7509 y:   3239
 18: x:   7462 y:   3590
 19: x:   7573 y:   3716
 20: x:   7541 y:   3981
 21: x:   7248 y:   3779
 22: x:   7352 y:   4506
 23: x:   7608 y:   4458
 24: x:   7762 y:   4595
 25: x:   7732 y:   4723
 26: x:   7555 y:   4819
 27: x:   7280 y:   4899
 28: x:   7611 y:   5184
 29: x:   5900 y:   3561
 30: x:   6271 y:   2135
 31: x:   6898 y:   1885
 32: x:   6734 y:   1453
 33: x:   7265 y:   1268
 34: x:   7392 y:   2244
 35: x:   7545 y:   2801
 36: x:   6101 y:   1110
 37: x:   6107 y:    669
 38: x:   5530 y:   1424
 39: x:   4608 y:   1198
 40: x:   4985 y:    140
 41: x:   1916 y:   1569
 42: x:   1112 y:   2049
 43: x:   1633 y:   2809
 44: x:     10 y:   2676
 45: x:     23 y:   2216
 46: x:    675 y:   1006
 47: x:    401 y:    841
Fitness: 0.254862
Distance: 39236.9


